<?xml version="1.0" encoding="UTF-8"?>
<!-- Generated by org.testng.reporters.JUnitXMLReporter -->
<testsuite hostname="DESKTOP-O6EPPA1" ignored="0" name="Bing Test" tests="1" failures="1" timestamp="10 Aug 2023 05:10:24 GMT" time="111.057" errors="0">
  <testcase name="loginBingTest" time="111.048" classname="a2_bingtest.A1_Samplebing">
    <failure type="org.openqa.selenium.remote.UnreachableBrowserException" message="Error communicating with the remote browser. It may have died.
Build info: version: &amp;apos;4.9.1&amp;apos;, revision: &amp;apos;eb2032df7f&amp;apos;
System info: os.name: &amp;apos;Windows 10&amp;apos;, os.arch: &amp;apos;amd64&amp;apos;, os.version: &amp;apos;10.0&amp;apos;, java.version: &amp;apos;1.8.0_291&amp;apos;
Driver info: org.openqa.selenium.chrome.ChromeDriver
Command: [9d19c91bb7c1659ab18affaad8da3c65, get {url=https://www.bing.com/}]
Capabilities {acceptInsecureCerts: false, browserName: chrome, browserVersion: 115.0.5790.171, chrome: {chromedriverVersion: 114.0.5735.90 (386bc09e8f4f..., userDataDir: C:\Users\Kathir\AppData\Loc...}, goog:chromeOptions: {debuggerAddress: localhost:54926}, networkConnectionEnabled: false, pageLoadStrategy: normal, platformName: windows, proxy: Proxy(), se:cdp: ws://localhost:54926/devtoo..., se:cdpVersion: 115.0.5790.171, setWindowRect: true, strictFileInteractability: false, timeouts: {implicit: 0, pageLoad: 300000, script: 30000}, unhandledPromptBehavior: dismiss and notify, webauthn:extension:credBlob: true, webauthn:extension:largeBlob: true, webauthn:extension:minPinLength: true, webauthn:extension:prf: true, webauthn:virtualAuthenticators: true}
Session ID: 9d19c91bb7c1659ab18affaad8da3c65">
      <![CDATA[org.openqa.selenium.remote.UnreachableBrowserException: Error communicating with the remote browser. It may have died.Build info: version: '4.9.1', revision: 'eb2032df7f'System info: os.name: 'Windows 10', os.arch: 'amd64', os.version: '10.0', java.version: '1.8.0_291'Driver info: org.openqa.selenium.chrome.ChromeDriverCommand: [9d19c91bb7c1659ab18affaad8da3c65, get {url=https://www.bing.com/}]Capabilities {acceptInsecureCerts: false, browserName: chrome, browserVersion: 115.0.5790.171, chrome: {chromedriverVersion: 114.0.5735.90 (386bc09e8f4f..., userDataDir: C:\Users\Kathir\AppData\Loc...}, goog:chromeOptions: {debuggerAddress: localhost:54926}, networkConnectionEnabled: false, pageLoadStrategy: normal, platformName: windows, proxy: Proxy(), se:cdp: ws://localhost:54926/devtoo..., se:cdpVersion: 115.0.5790.171, setWindowRect: true, strictFileInteractability: false, timeouts: {implicit: 0, pageLoad: 300000, script: 30000}, unhandledPromptBehavior: dismiss and notify, webauthn:extension:credBlob: true, webauthn:extension:largeBlob: true, webauthn:extension:minPinLength: true, webauthn:extension:prf: true, webauthn:virtualAuthenticators: true}Session ID: 9d19c91bb7c1659ab18affaad8da3c65at org.openqa.selenium.remote.RemoteWebDriver.execute(RemoteWebDriver.java:567)at org.openqa.selenium.remote.RemoteWebDriver.get(RemoteWebDriver.java:297)at a2_bingtest.A1_Samplebing.loginBingTest(A1_Samplebing.java:22)Caused by: java.io.UncheckedIOException: java.io.IOException: An existing connection was forcibly closed by the remote hostat org.openqa.selenium.remote.http.netty.NettyHttpHandler.makeCall(NettyHttpHandler.java:73)at org.openqa.selenium.remote.http.AddSeleniumUserAgent.lambda$apply$0(AddSeleniumUserAgent.java:42)at org.openqa.selenium.remote.http.Filter.lambda$andFinally$1(Filter.java:56)at org.openqa.selenium.remote.http.netty.NettyHttpHandler.execute(NettyHttpHandler.java:49)at org.openqa.selenium.remote.http.AddSeleniumUserAgent.lambda$apply$0(AddSeleniumUserAgent.java:42)at org.openqa.selenium.remote.http.Filter.lambda$andFinally$1(Filter.java:56)at org.openqa.selenium.remote.http.netty.NettyClient.execute(NettyClient.java:99)at org.openqa.selenium.remote.HttpCommandExecutor.execute(HttpCommandExecutor.java:190)at org.openqa.selenium.remote.service.DriverCommandExecutor.invokeExecute(DriverCommandExecutor.java:183)at org.openqa.selenium.remote.service.DriverCommandExecutor.execute(DriverCommandExecutor.java:158)at org.openqa.selenium.remote.RemoteWebDriver.execute(RemoteWebDriver.java:543)... 28 moreCaused by: java.io.IOException: An existing connection was forcibly closed by the remote hostat sun.nio.ch.SocketDispatcher.read0(Native Method)at sun.nio.ch.SocketDispatcher.read(Unknown Source)at sun.nio.ch.IOUtil.readIntoNativeBuffer(Unknown Source)at sun.nio.ch.IOUtil.read(Unknown Source)at sun.nio.ch.SocketChannelImpl.read(Unknown Source)at io.netty.buffer.PooledByteBuf.setBytes(PooledByteBuf.java:256)at io.netty.buffer.AbstractByteBuf.writeBytes(AbstractByteBuf.java:1132)at io.netty.channel.socket.nio.NioSocketChannel.doReadBytes(NioSocketChannel.java:357)at io.netty.channel.nio.AbstractNioByteChannel$NioByteUnsafe.read(AbstractNioByteChannel.java:151)at io.netty.channel.nio.NioEventLoop.processSelectedKey(NioEventLoop.java:788)at io.netty.channel.nio.NioEventLoop.processSelectedKeysOptimized(NioEventLoop.java:724)at io.netty.channel.nio.NioEventLoop.processSelectedKeys(NioEventLoop.java:650)at io.netty.channel.nio.NioEventLoop.run(NioEventLoop.java:562)at io.netty.util.concurrent.SingleThreadEventExecutor$4.run(SingleThreadEventExecutor.java:997)at io.netty.util.internal.ThreadExecutorMap$2.run(ThreadExecutorMap.java:74)at io.netty.util.concurrent.FastThreadLocalRunnable.run(FastThreadLocalRunnable.java:30)at java.lang.Thread.run(Unknown Source)... Removed 26 stack frames]]>
    </failure>
  </testcase> <!-- loginBingTest -->
</testsuite> <!-- Bing Test -->
