<?xml version="1.0" encoding="UTF-8"?>
<testng-results skipped="0" failed="0" ignored="0" total="1" passed="1">
  <reporter-output>
  </reporter-output>
  <suite name="Default suite" duration-ms="104426" started-at="2023-08-10T05:13:54Z" finished-at="2023-08-10T05:15:38Z">
    <groups>
    </groups>
    <test name="Default test" duration-ms="104426" started-at="2023-08-10T05:13:54Z" finished-at="2023-08-10T05:15:38Z">
      <class name="a1_googleTest.A1_SampleGoogle">
        <test-method status="PASS" signature="loginGoogleTest()[pri:0, instance:a1_googleTest.A1_SampleGoogle@7e0b0338]" name="loginGoogleTest" duration-ms="104388" started-at="2023-08-10T10:43:54Z" finished-at="2023-08-10T10:45:38Z">
          <reporter-output>
          </reporter-output>
        </test-method> <!-- loginGoogleTest -->
      </class> <!-- a1_googleTest.A1_SampleGoogle -->
    </test> <!-- Default test -->
  </suite> <!-- Default suite -->
</testng-results>
